[12:40:13] [main/INFO]: Environment: authHost='https://authserver.mojang.com', accountsHost='https://api.mojang.com', sessionHost='https://sessionserver.mojang.com', servicesHost='https://api.minecraftservices.com', name='PROD'
[12:40:13] [main/INFO]: Reloading ResourceManager: Default, bukkit
[12:40:14] [Worker-Main-1/INFO]: Loaded 7 recipes
[12:40:16] [Server thread/INFO]: Starting minecraft server version 1.16.5
[12:40:16] [Server thread/INFO]: Loading properties
[12:40:16] [Server thread/INFO]: This server is running Paper version git-Paper-574 (MC: 1.16.5) (Implementing API version 1.16.5-R0.1-SNAPSHOT)
[12:40:16] [Server thread/INFO]: Debug logging is disabled
[12:40:16] [Server thread/INFO]: Server Ping Player Sample Count: 12
[12:40:16] [Server thread/INFO]: Using 4 threads for Netty based IO
[12:40:16] [Server thread/INFO]: Default game type: SURVIVAL
[12:40:16] [Server thread/INFO]: Generating keypair
[12:40:17] [Server thread/INFO]: Starting Minecraft server on 0.0.0.0:25565
[12:40:17] [Server thread/INFO]: Using epoll channel type
[12:40:17] [Server thread/INFO]: [AsyncWorldEdit] Injector platform set to: InjectorBukkit
[12:40:17] [Server thread/INFO]: [AsyncWorldEdit] Injecting NMS classes...
[12:40:17] [Server thread/INFO]: [AsyncWorldEdit] Injecting WorldEdit classes...
[12:40:18] [Server thread/WARN]: [WorldEdit] Loaded class org.primesoft.asyncworldedit.injector.injected.util.eventbus.IDispatchableEventBus from AsyncWorldEdit v3.8.2 which is not a depend, softdepend or loadbefore of this plugin.
[12:40:18] [Server thread/INFO]: [AsyncWorldEdit] Injector Enabled
[12:40:18] [Server thread/INFO]: [AsyncWorldEdit] New class factory set to: org.primesoft.asyncworldedit.asyncinjector.async.AsyncClassFactory
[12:40:18] [Server thread/WARN]: Initializing Legacy Material Support. Unless you have legacy plugins and/or data this is a bug!
[12:40:23] [Server thread/WARN]: Legacy plugin LoginSecurity v3.0.2 does not specify an api-version.
[12:40:24] [Server thread/INFO]: [CzechifyHomes] Loaded language pack for Czech cs-CZ
[12:40:24] [Server thread/INFO]: [CzechifyHomes] Loaded language pack for Polish pl-PL
[12:40:24] [Server thread/INFO]: [CzechifyHomes] Loaded language pack for English en-GB
[12:40:24] [Server thread/INFO]: [LuckPerms] Loading LuckPerms v5.3.3
[12:40:24] [Server thread/INFO]: [ANM] Loading AdvancedNMotd v9.1.1
[12:40:24] [Server thread/INFO]: [WorldEdit] Loading WorldEdit v7.2.1+299386a
[12:40:24] [Server thread/INFO]: Got request to register class com.sk89q.worldedit.bukkit.BukkitServerInterface with WorldEdit [com.sk89q.worldedit.extension.platform.PlatformManager@21e639c6]
[12:40:24] [Server thread/INFO]: [EntityTrackerFixer] Loading EntityTrackerFixer v1.3.3
[12:40:24] [Server thread/INFO]: [AsyncWorldEdit] Loading AsyncWorldEdit v3.8.2
[12:40:24] [Server thread/INFO]: [AsyncWorldEdit] Plugin installed
[12:40:24] [Server thread/INFO]: [LoginSecurity] Loading LoginSecurity v3.0.2
[12:40:24] [Server thread/INFO]: [LPC] Loading LPC v3.1.1
[12:40:24] [Server thread/INFO]: [WorldGuard] Loading WorldGuard v7.0.4+f7ff984
[12:40:24] [Server thread/INFO]: [Multiverse-Core] Loading Multiverse-Core v4.2.2-b812
[12:40:24] [Server thread/INFO]: [CzechifyHomes] Loading CzechifyHomes v1.3
[12:40:24] [Server thread/INFO]: Server permissions file permissions.yml is empty, ignoring it
[12:40:24] [Server thread/INFO]: [LuckPerms] Enabling LuckPerms v5.3.3
[12:40:25] [Server thread/INFO]:         __    
[12:40:25] [Server thread/INFO]:   |    |__)   LuckPerms v5.3.3
[12:40:25] [Server thread/INFO]:   |___ |      Running on Bukkit - Paper
[12:40:25] [Server thread/INFO]: 
[12:40:25] [Server thread/INFO]: [LuckPerms] Loading configuration...
[12:40:25] [Server thread/INFO]: [LuckPerms] Loading storage provider... [MYSQL]
[12:40:25] [Server thread/INFO]: [me.lucko.luckperms.lib.hikari.HikariDataSource] luckperms-hikari - Starting...
[12:40:26] [Server thread/INFO]: [me.lucko.luckperms.lib.hikari.HikariDataSource] luckperms-hikari - Start completed.
[12:40:26] [Server thread/INFO]: [LuckPerms] Loading messaging service... [SQL]
[12:40:26] [Server thread/INFO]: [LuckPerms] Loading internal permission managers...
[12:40:26] [Server thread/INFO]: [LuckPerms] Performing initial data load...
[12:40:26] [Server thread/INFO]: [LuckPerms] Successfully enabled. (took 2032ms)
[12:40:26] [Server thread/INFO]: [WorldEdit] Enabling WorldEdit v7.2.1+299386a
[12:40:26] [Server thread/INFO]: WEPIF: Using the Bukkit Permissions API.
[12:40:27] [Server thread/WARN]: 
**********************************************
** This WorldEdit version does not fully support your version of Bukkit.
**
** When working with blocks or undoing, chests will be empty, signs
** will be blank, and so on. There will be no support for entity
** and block property-related functions.
**
** Please see https://worldedit.enginehub.org/en/latest/faq/#bukkit-adapters
**********************************************

[12:40:27] [Server thread/INFO]: [AsyncWorldEdit] Enabling AsyncWorldEdit v3.8.2
[12:40:28] [Server thread/INFO]: [AsyncWorldEdit] Platform set to Bukkit API
[12:40:28] [Server thread/INFO]: [AsyncWorldEdit] ===================================================================================
[12:40:28] [Server thread/INFO]: [AsyncWorldEdit] =     ___                         _       __           __    ________    ___ __   =
[12:40:28] [Server thread/INFO]: [AsyncWorldEdit] =    /   |  _______  ______  ____| |     / /___  _____/ /___/ / ____/___/ (_) /_  =
[12:40:28] [Server thread/INFO]: [AsyncWorldEdit] =   / /| | / ___/ / / / __ \/ ___/ | /| / / __ \/ ___/ / __  / __/ / __  / / __/  =
[12:40:28] [Server thread/INFO]: [AsyncWorldEdit] =  / ___ |(__  ) /_/ / / / / /__ | |/ |/ / /_/ / /  / / /_/ / /___/ /_/ / / /_    =
[12:40:28] [Server thread/INFO]: [AsyncWorldEdit] = /_/  |_/____/\__, /_/ /_/\___/ |__/|__/\____/_/  /_/\__,_/_____/\__,_/_/\__/    =
[12:40:28] [Server thread/INFO]: [AsyncWorldEdit] =             /____/                                                              =
[12:40:28] [Server thread/INFO]: [AsyncWorldEdit] = Author: SBPrime                                                                 =
[12:40:28] [Server thread/INFO]: [AsyncWorldEdit] =                                ________________                                 =
[12:40:28] [Server thread/INFO]: [AsyncWorldEdit] =                            ___/  free version  \___                             =
[12:40:28] [Server thread/INFO]: [AsyncWorldEdit] ===================================================================================
[12:40:28] [Server thread/INFO]: [AsyncWorldEdit] Initializing WorldEdit.
[12:40:28] [Server thread/INFO]: [AsyncWorldEdit] No matching adapter found for Bukkit.v1_16_R3, DirectChunkAPI disabled
[12:40:28] [AWE:Cron:undoCleanup/INFO]: [AsyncWorldEdit] Undo cleanup started...
[12:40:28] [Server thread/INFO]: [AsyncWorldEdit] PlotMeFix set to class org.primesoft.asyncworldedit.plotme.NullFix.
[12:40:28] [AWE:Cron:undoCleanup/INFO]: [AsyncWorldEdit] ...undo cleanup done.
[12:40:28] [Server thread/INFO]: [AsyncWorldEdit] Enabled
[12:40:28] [Server thread/WARN]: **** SERVER IS RUNNING IN OFFLINE/INSECURE MODE!
[12:40:28] [Server thread/WARN]: The server will make no attempt to authenticate usernames. Beware.
[12:40:28] [Server thread/WARN]: While this makes the game possible to play without internet access, it also opens up the ability for hackers to connect with any username they choose.
[12:40:28] [Server thread/WARN]: To change this, set "online-mode" to "true" in the server.properties file.
[12:40:28] [Server thread/INFO]: Preparing level "world"
[12:40:28] [Thread-8/INFO]: [AsyncWorldEdit] You have the latest version of the plugin.
[12:40:28] [Server thread/INFO]: Registering commands with com.sk89q.worldedit.bukkit.BukkitServerInterface
[12:40:28] [Server thread/INFO]: Preparing start region for dimension minecraft:overworld
[12:40:28] [Server thread/INFO]: Loaded 0 spawn chunks for world world
[12:40:28] [Server thread/INFO]: Preparing spawn area: 0%
[12:40:29] [Server thread/INFO]: Time elapsed: 376 ms
[12:40:29] [Server thread/INFO]: Preparing start region for dimension minecraft:the_nether
[12:40:29] [Server thread/INFO]: Loaded 0 spawn chunks for world world_nether
[12:40:29] [Server thread/INFO]: Time elapsed: 333 ms
[12:40:29] [Server thread/INFO]: Preparing start region for dimension minecraft:the_end
[12:40:29] [Server thread/INFO]: Loaded 0 spawn chunks for world world_the_end
[12:40:29] [Server thread/INFO]: Time elapsed: 81 ms
[12:40:29] [Server thread/INFO]: [ANM] Enabling AdvancedNMotd v9.1.1
[12:40:29] [Server thread/WARN]: java.lang.NoSuchFieldException: modifiers
[12:40:29] [Server thread/WARN]: 	at java.base/java.lang.Class.getDeclaredField(Class.java:2569)
[12:40:29] [Server thread/WARN]: 	at ru.namerpro.Bukkit.Utils.EasyReflection.changeStaticFinalField(EasyReflection.java:30)
[12:40:29] [Server thread/WARN]: 	at ru.namerpro.Bukkit.ANM1164.MotdManager1164.applyMotd(MotdManager1164.java:29)
[12:40:29] [Server thread/WARN]: 	at ru.namerpro.Bukkit.Base.Main.onEnable(Main.java:198)
[12:40:29] [Server thread/WARN]: 	at org.bukkit.plugin.java.JavaPlugin.setEnabled(JavaPlugin.java:263)
[12:40:29] [Server thread/WARN]: 	at org.bukkit.plugin.java.JavaPluginLoader.enablePlugin(JavaPluginLoader.java:380)
[12:40:29] [Server thread/WARN]: 	at org.bukkit.plugin.SimplePluginManager.enablePlugin(SimplePluginManager.java:483)
[12:40:29] [Server thread/WARN]: 	at org.bukkit.craftbukkit.v1_16_R3.CraftServer.enablePlugin(CraftServer.java:501)
[12:40:29] [Server thread/WARN]: 	at org.bukkit.craftbukkit.v1_16_R3.CraftServer.enablePlugins(CraftServer.java:415)
[12:40:29] [Server thread/WARN]: 	at net.minecraft.server.v1_16_R3.MinecraftServer.loadWorld(MinecraftServer.java:580)
[12:40:29] [Server thread/WARN]: 	at net.minecraft.server.v1_16_R3.DedicatedServer.init(DedicatedServer.java:280)
[12:40:29] [Server thread/WARN]: 	at net.minecraft.server.v1_16_R3.MinecraftServer.w(MinecraftServer.java:1055)
[12:40:29] [Server thread/WARN]: 	at net.minecraft.server.v1_16_R3.MinecraftServer.lambda$a$0(MinecraftServer.java:289)
[12:40:29] [Server thread/WARN]: 	at java.base/java.lang.Thread.run(Thread.java:832)
[12:40:29] [Server thread/INFO]: 
[12:40:29] [Server thread/INFO]: ---------------- AdvancedNMotd --------------
[12:40:29] [Server thread/INFO]:            AdvancedNMotd is enabled!
[12:40:29] [Server thread/INFO]: ---------------------------------------------
[12:40:29] [Server thread/INFO]: 
[12:40:29] [Server thread/INFO]: [EntityTrackerFixer] Enabling EntityTrackerFixer v1.3.3
[12:40:29] [Server thread/INFO]: [EntityTrackerFixer] Setting untrack ticks to: 400
[12:40:29] [Server thread/INFO]: [EntityTrackerFixer] Setting check frequency to: 40
[12:40:29] [Server thread/INFO]: [EntityTrackerFixer] Setting tracking range to: 30
[12:40:29] [Server thread/INFO]: [EntityTrackerFixer] Setting minimun TPS to: 19.5
[12:40:29] [Server thread/INFO]: [EntityTrackerFixer] Setting enable on all worlds to: false
[12:40:29] [Server thread/INFO]: [EntityTrackerFixer] Adding world: world
[12:40:29] [Server thread/INFO]: [EntityTrackerFixer] Adding world: world_nether
[12:40:29] [Server thread/INFO]: [EntityTrackerFixer] Adding world: world_the_end
[12:40:29] [Server thread/INFO]: [EntityTrackerFixer] Setting log to console to: true
[12:40:29] [Server thread/INFO]: [EntityTrackerFixer] Setting disable tick for untracked to: true
[12:40:29] [Server thread/INFO]: [EntityTrackerFixer] Vault not found! using default permission system...
[12:40:29] [Server thread/INFO]: [LoginSecurity] Enabling LoginSecurity v3.0.2*
[12:40:29] [Server thread/INFO]: [LoginSecurity] Loading base translations from "en_us"
[12:40:29] [Server thread/INFO]: [LoginSecurity] Loading specified translations from "en_us"
[12:40:29] [Server thread/INFO]: [LoginSecurity] Registering commands...
[12:40:29] [Server thread/INFO]: [LoginSecurity] Registering listeners...
[12:40:30] [Server thread/INFO]: [LoginSecurity] Using 1.12+ map captcha renderer
[12:40:30] [Server thread/INFO]: [LPC] Enabling LPC v3.1.1
[12:40:30] [Server thread/INFO]: [WorldGuard] Enabling WorldGuard v7.0.4+f7ff984
[12:40:30] [Server thread/INFO]: [WorldGuard] (world) TNT ignition is PERMITTED.
[12:40:30] [Server thread/INFO]: [WorldGuard] (world) Lighters are PERMITTED.
[12:40:30] [Server thread/INFO]: [WorldGuard] (world) Lava fire is PERMITTED.
[12:40:30] [Server thread/INFO]: [WorldGuard] (world) Fire spread is UNRESTRICTED.
[12:40:30] [Server thread/INFO]: [WorldGuard] Loaded configuration for world 'world'
[12:40:30] [Server thread/INFO]: [WorldGuard] (world_nether) TNT ignition is PERMITTED.
[12:40:30] [Server thread/INFO]: [WorldGuard] (world_nether) Lighters are PERMITTED.
[12:40:30] [Server thread/INFO]: [WorldGuard] (world_nether) Lava fire is PERMITTED.
[12:40:30] [Server thread/INFO]: [WorldGuard] (world_nether) Fire spread is UNRESTRICTED.
[12:40:30] [Server thread/INFO]: [WorldGuard] Loaded configuration for world 'world_nether'
[12:40:30] [Server thread/INFO]: [WorldGuard] (world_the_end) TNT ignition is PERMITTED.
[12:40:30] [Server thread/INFO]: [WorldGuard] (world_the_end) Lighters are PERMITTED.
[12:40:30] [Server thread/INFO]: [WorldGuard] (world_the_end) Lava fire is PERMITTED.
[12:40:30] [Server thread/INFO]: [WorldGuard] (world_the_end) Fire spread is UNRESTRICTED.
[12:40:30] [Server thread/INFO]: [WorldGuard] Loaded configuration for world 'world_the_end'
[12:40:30] [Server thread/INFO]: [WorldGuard] Loading region data...
[12:40:31] [Server thread/INFO]: [Multiverse-Core] Enabling Multiverse-Core v4.2.2-b812
[12:40:31] [Server thread/WARN]: [Multiverse-Core] "Multiverse-Core v4.2.2-b812" has registered a listener for org.bukkit.event.entity.EntityCreatePortalEvent on method "public void com.onarandombox.MultiverseCore.listeners.MVPortalListener.entityPortalCreate(org.bukkit.event.entity.EntityCreatePortalEvent)", but the event is Deprecated. "Server performance will be affected"; please notify the authors [dumptruckman, Rigby, fernferret, lithium3141, main--].
[12:40:31] [Server thread/INFO]: [Multiverse-Core] We are aware of the warning about the deprecated event. There is no alternative that allows us to do what we need to do and performance impact is negligible. It is safe to ignore.
[12:40:31] [Server thread/INFO]: Preparing start region for dimension minecraft:flatland
[12:40:31] [Server thread/INFO]: Loaded 0 spawn chunks for world flatland
[12:40:31] [Server thread/INFO]: Time elapsed: 136 ms
[12:40:31] [Server thread/INFO]: [WorldGuard] (flatland) TNT ignition is PERMITTED.
[12:40:31] [Server thread/INFO]: [WorldGuard] (flatland) Lighters are PERMITTED.
[12:40:31] [Server thread/INFO]: [WorldGuard] (flatland) Lava fire is PERMITTED.
[12:40:31] [Server thread/INFO]: [WorldGuard] (flatland) Fire spread is UNRESTRICTED.
[12:40:31] [Server thread/INFO]: [WorldGuard] Loaded configuration for world 'flatland'
[12:40:31] [Server thread/INFO]: [Multiverse-Core] 4 - World(s) loaded.
[12:40:31] [Server thread/WARN]: [Multiverse-Core] Buscript failed to load! The script command will be disabled!
[12:40:31] [Server thread/INFO]: [Multiverse-Core] Version 4.2.2-b812 (API v24) Enabled - By dumptruckman, Rigby, fernferret, lithium3141 and main--
[12:40:31] [Server thread/INFO]: [CzechifyHomes] Enabling CzechifyHomes v1.3
[12:40:31] [Server thread/INFO]: [CzechifyHomes] Loading database configuration...
[12:40:32] [Server thread/INFO]: [CzechifyHomes] Opening a database connection to jdbc:mysql://172.17.0.1:3306/s5_czechify...
[12:40:32] [Server thread/INFO]: [com.zaxxer.hikari.HikariDataSource] HikariPool-1 - Starting...
[12:40:32] [Server thread/INFO]: [com.zaxxer.hikari.HikariDataSource] HikariPool-1 - Start completed.
[12:40:32] [Server thread/INFO]: [CzechifyHomes] Enabled spawn module!
[12:40:32] [Server thread/INFO]: Running delayed init tasks
[12:40:32] [Server thread/INFO]: [AsyncWorldEdit] Loading plugins...
[12:40:32] [Craft Scheduler Thread - 1/INFO]: 
[12:40:32] [Craft Scheduler Thread - 1/INFO]: ------------ AdvancedNMotd Updater ----------
[12:40:32] [Craft Scheduler Thread - 1/INFO]: You have the latest version of AdvancedNMotd!
[12:40:32] [Craft Scheduler Thread - 1/INFO]: Current version: 9.1.1 for 1.8-1.16.x servers
[12:40:32] [Craft Scheduler Thread - 1/INFO]: ---------------------------------------------
[12:40:32] [Craft Scheduler Thread - 1/INFO]: 
[12:40:33] [Server thread/INFO]: Done (16.639s)! For help, type "help"
[12:40:33] [Server thread/INFO]: Timings Reset
[12:40:33] [User Authenticator #1/INFO]: UUID of player MartinNaj is f4086cc6-c941-381c-bc3e-623866a53920
[12:40:43] [Paper Watchdog Thread/ERROR]: --- DO NOT REPORT THIS TO PAPER - THIS IS NOT A BUG OR A CRASH  - git-Paper-574 (MC: 1.16.5) ---
[12:40:43] [Paper Watchdog Thread/ERROR]: The server has not responded for 10 seconds! Creating thread dump
[12:40:43] [Paper Watchdog Thread/ERROR]: ------------------------------
[12:40:43] [Paper Watchdog Thread/ERROR]: Server thread dump (Look for plugins here before reporting to Paper!):
[12:40:43] [Paper Watchdog Thread/ERROR]: ------------------------------
[12:40:43] [Paper Watchdog Thread/ERROR]: Current Thread: Server thread
[12:40:43] [Paper Watchdog Thread/ERROR]: 	PID: 17 | Suspended: false | Native: false | State: RUNNABLE
[12:40:43] [Paper Watchdog Thread/ERROR]: 	Stack:
[12:40:43] [Paper Watchdog Thread/ERROR]: 		app//net.minecraft.server.v1_16_R3.SpawnerCreature.countMobs(SpawnerCreature.java:82)
[12:40:43] [Paper Watchdog Thread/ERROR]: 		app//net.minecraft.server.v1_16_R3.ChunkProviderServer.tickChunks(ChunkProviderServer.java:839)
[12:40:43] [Paper Watchdog Thread/ERROR]: 		app//net.minecraft.server.v1_16_R3.ChunkProviderServer.tick(ChunkProviderServer.java:767)
[12:40:43] [Paper Watchdog Thread/ERROR]: 		app//net.minecraft.server.v1_16_R3.WorldServer.doTick(WorldServer.java:574)
[12:40:43] [Paper Watchdog Thread/ERROR]: 		app//net.minecraft.server.v1_16_R3.MinecraftServer.b(MinecraftServer.java:1476)
[12:40:43] [Paper Watchdog Thread/ERROR]: 		app//net.minecraft.server.v1_16_R3.DedicatedServer.b(DedicatedServer.java:418)
[12:40:43] [Paper Watchdog Thread/ERROR]: 		app//net.minecraft.server.v1_16_R3.MinecraftServer.a(MinecraftServer.java:1328)
[12:40:43] [Paper Watchdog Thread/ERROR]: 		app//net.minecraft.server.v1_16_R3.MinecraftServer.w(MinecraftServer.java:1116)
[12:40:43] [Paper Watchdog Thread/ERROR]: 		app//net.minecraft.server.v1_16_R3.MinecraftServer.lambda$a$0(MinecraftServer.java:289)
[12:40:43] [Paper Watchdog Thread/ERROR]: 		app//net.minecraft.server.v1_16_R3.MinecraftServer$$Lambda$3135/0x00000008011f6ca0.run(Unknown Source)
[12:40:43] [Paper Watchdog Thread/ERROR]: 		java.base@15-ea/java.lang.Thread.run(Thread.java:832)
[12:40:43] [Paper Watchdog Thread/ERROR]: ------------------------------
[12:40:43] [Paper Watchdog Thread/ERROR]: --- DO NOT REPORT THIS TO PAPER - THIS IS NOT A BUG OR A CRASH ---
[12:40:43] [Paper Watchdog Thread/ERROR]: ------------------------------
[12:40:45] [Server thread/WARN]: Can't keep up! Is the server overloaded? Running 12151ms or 243 ticks behind
[12:40:45] [Server thread/INFO]: MartinNaj joined the game
[12:40:45] [Server thread/INFO]: MartinNaj[/51.19.249.136:54825] logged in with entity id 60873 at ([world]204.96989880230268, 68.0, -30.217769250488047)
[12:40:49] [Server thread/INFO]: [CzechifyHomes] Executed a waiting event (ID: 1617792032270, DELTA: -0.00 sec.). Current queue size: 0
[12:41:02] [Paper Watchdog Thread/ERROR]: --- DO NOT REPORT THIS TO PAPER - THIS IS NOT A BUG OR A CRASH  - git-Paper-574 (MC: 1.16.5) ---
[12:41:02] [Paper Watchdog Thread/ERROR]: The server has not responded for 10 seconds! Creating thread dump
[12:41:02] [Paper Watchdog Thread/ERROR]: ------------------------------
[12:41:02] [Paper Watchdog Thread/ERROR]: Server thread dump (Look for plugins here before reporting to Paper!):
[12:41:02] [Paper Watchdog Thread/ERROR]: ------------------------------
[12:41:02] [Paper Watchdog Thread/ERROR]: Current Thread: Server thread
[12:41:02] [Paper Watchdog Thread/ERROR]: 	PID: 17 | Suspended: false | Native: false | State: RUNNABLE
[12:41:02] [Paper Watchdog Thread/ERROR]: 	Stack:
[12:41:02] [Paper Watchdog Thread/ERROR]: 		app//net.minecraft.server.v1_16_R3.Chunk.a(Chunk.java:1041)
[12:41:02] [Paper Watchdog Thread/ERROR]: 		app//net.minecraft.server.v1_16_R3.World.a(World.java:1200)
[12:41:02] [Paper Watchdog Thread/ERROR]: 		app//net.minecraft.server.v1_16_R3.IEntityAccess.a(IEntityAccess.java:60)
[12:41:02] [Paper Watchdog Thread/ERROR]: 		app//net.minecraft.server.v1_16_R3.EntityInsentient.movementTick(EntityInsentient.java:618)
[12:41:02] [Paper Watchdog Thread/ERROR]: 		app//net.minecraft.server.v1_16_R3.EntityMonster.movementTick(EntityMonster.java:45)
[12:41:02] [Paper Watchdog Thread/ERROR]: 		app//net.minecraft.server.v1_16_R3.EntityZombie.movementTick(EntityZombie.java:267)
[12:41:02] [Paper Watchdog Thread/ERROR]: 		app//net.minecraft.server.v1_16_R3.EntityLiving.tick(EntityLiving.java:2591)
[12:41:02] [Paper Watchdog Thread/ERROR]: 		app//net.minecraft.server.v1_16_R3.EntityInsentient.tick(EntityInsentient.java:378)
[12:41:02] [Paper Watchdog Thread/ERROR]: 		app//net.minecraft.server.v1_16_R3.EntityZombie.tick(EntityZombie.java:237)
[12:41:02] [Paper Watchdog Thread/ERROR]: 		app//net.minecraft.server.v1_16_R3.WorldServer.entityJoinedWorld(WorldServer.java:959)
[12:41:02] [Paper Watchdog Thread/ERROR]: 		app//net.minecraft.server.v1_16_R3.WorldServer$$Lambda$5337/0x0000000801b657a8.accept(Unknown Source)
[12:41:02] [Paper Watchdog Thread/ERROR]: 		app//net.minecraft.server.v1_16_R3.World.a(World.java:946)
[12:41:02] [Paper Watchdog Thread/ERROR]: 		app//net.minecraft.server.v1_16_R3.WorldServer.doTick(WorldServer.java:644)
[12:41:02] [Paper Watchdog Thread/ERROR]: 		app//net.minecraft.server.v1_16_R3.MinecraftServer.b(MinecraftServer.java:1476)
[12:41:02] [Paper Watchdog Thread/ERROR]: 		app//net.minecraft.server.v1_16_R3.DedicatedServer.b(DedicatedServer.java:418)
[12:41:02] [Paper Watchdog Thread/ERROR]: 		app//net.minecraft.server.v1_16_R3.MinecraftServer.a(MinecraftServer.java:1328)
[12:41:02] [Paper Watchdog Thread/ERROR]: 		app//net.minecraft.server.v1_16_R3.MinecraftServer.w(MinecraftServer.java:1116)
[12:41:02] [Paper Watchdog Thread/ERROR]: 		app//net.minecraft.server.v1_16_R3.MinecraftServer.lambda$a$0(MinecraftServer.java:289)
[12:41:02] [Paper Watchdog Thread/ERROR]: 		app//net.minecraft.server.v1_16_R3.MinecraftServer$$Lambda$3135/0x00000008011f6ca0.run(Unknown Source)
[12:41:02] [Paper Watchdog Thread/ERROR]: 		java.base@15-ea/java.lang.Thread.run(Thread.java:832)
[12:41:02] [Paper Watchdog Thread/ERROR]: ------------------------------
[12:41:02] [Paper Watchdog Thread/ERROR]: --- DO NOT REPORT THIS TO PAPER - THIS IS NOT A BUG OR A CRASH ---
[12:41:02] [Paper Watchdog Thread/ERROR]: ------------------------------
[12:41:07] [Paper Watchdog Thread/ERROR]: --- DO NOT REPORT THIS TO PAPER - THIS IS NOT A BUG OR A CRASH  - git-Paper-574 (MC: 1.16.5) ---
[12:41:07] [Paper Watchdog Thread/ERROR]: The server has not responded for 15 seconds! Creating thread dump
[12:41:07] [Paper Watchdog Thread/ERROR]: ------------------------------
[12:41:07] [Paper Watchdog Thread/ERROR]: Server thread dump (Look for plugins here before reporting to Paper!):
[12:41:07] [Paper Watchdog Thread/ERROR]: ------------------------------
[12:41:07] [Paper Watchdog Thread/ERROR]: Current Thread: Server thread
[12:41:07] [Paper Watchdog Thread/ERROR]: 	PID: 17 | Suspended: false | Native: false | State: RUNNABLE
[12:41:07] [Paper Watchdog Thread/ERROR]: 	Stack:
[12:41:07] [Paper Watchdog Thread/ERROR]: 		java.base@15-ea/java.util.function.Predicate.lambda$and$0(Predicate.java:69)
[12:41:07] [Paper Watchdog Thread/ERROR]: 		java.base@15-ea/java.util.function.Predicate$$Lambda$1644/0x0000000800dd4a48.test(Unknown Source)
[12:41:07] [Paper Watchdog Thread/ERROR]: 		app//net.minecraft.server.v1_16_R3.Chunk.a(Chunk.java:950)
[12:41:07] [Paper Watchdog Thread/ERROR]: 		app//net.minecraft.server.v1_16_R3.World.getEntities(World.java:1156)
[12:41:07] [Paper Watchdog Thread/ERROR]: 		app//net.minecraft.server.v1_16_R3.EntityLiving.collideNearby(EntityLiving.java:2976)
[12:41:07] [Paper Watchdog Thread/ERROR]: 		app//net.minecraft.server.v1_16_R3.EntityLiving.movementTick(EntityLiving.java:2914)
[12:41:07] [Paper Watchdog Thread/ERROR]: 		app//net.minecraft.server.v1_16_R3.EntityInsentient.movementTick(EntityInsentient.java:615)
[12:41:07] [Paper Watchdog Thread/ERROR]: 		app//net.minecraft.server.v1_16_R3.EntityMonster.movementTick(EntityMonster.java:45)
[12:41:07] [Paper Watchdog Thread/ERROR]: 		app//net.minecraft.server.v1_16_R3.EntityZombie.movementTick(EntityZombie.java:267)
[12:41:07] [Paper Watchdog Thread/ERROR]: 		app//net.minecraft.server.v1_16_R3.EntityLiving.tick(EntityLiving.java:2591)
[12:41:07] [Paper Watchdog Thread/ERROR]: 		app//net.minecraft.server.v1_16_R3.EntityInsentient.tick(EntityInsentient.java:378)
[12:41:07] [Paper Watchdog Thread/ERROR]: 		app//net.minecraft.server.v1_16_R3.EntityZombie.tick(EntityZombie.java:237)
[12:41:07] [Paper Watchdog Thread/ERROR]: 		app//net.minecraft.server.v1_16_R3.WorldServer.entityJoinedWorld(WorldServer.java:959)
[12:41:07] [Paper Watchdog Thread/ERROR]: 		app//net.minecraft.server.v1_16_R3.WorldServer$$Lambda$5337/0x0000000801b657a8.accept(Unknown Source)
[12:41:07] [Paper Watchdog Thread/ERROR]: 		app//net.minecraft.server.v1_16_R3.World.a(World.java:946)
[12:41:07] [Paper Watchdog Thread/ERROR]: 		app//net.minecraft.server.v1_16_R3.WorldServer.doTick(WorldServer.java:644)
[12:41:07] [Paper Watchdog Thread/ERROR]: 		app//net.minecraft.server.v1_16_R3.MinecraftServer.b(MinecraftServer.java:1476)
[12:41:07] [Paper Watchdog Thread/ERROR]: 		app//net.minecraft.server.v1_16_R3.DedicatedServer.b(DedicatedServer.java:418)
[12:41:07] [Paper Watchdog Thread/ERROR]: 		app//net.minecraft.server.v1_16_R3.MinecraftServer.a(MinecraftServer.java:1328)
[12:41:07] [Paper Watchdog Thread/ERROR]: 		app//net.minecraft.server.v1_16_R3.MinecraftServer.w(MinecraftServer.java:1116)
[12:41:07] [Paper Watchdog Thread/ERROR]: 		app//net.minecraft.server.v1_16_R3.MinecraftServer.lambda$a$0(MinecraftServer.java:289)
[12:41:07] [Paper Watchdog Thread/ERROR]: 		app//net.minecraft.server.v1_16_R3.MinecraftServer$$Lambda$3135/0x00000008011f6ca0.run(Unknown Source)
[12:41:07] [Paper Watchdog Thread/ERROR]: 		java.base@15-ea/java.lang.Thread.run(Thread.java:832)
[12:41:07] [Paper Watchdog Thread/ERROR]: ------------------------------
[12:41:07] [Paper Watchdog Thread/ERROR]: --- DO NOT REPORT THIS TO PAPER - THIS IS NOT A BUG OR A CRASH ---
[12:41:07] [Paper Watchdog Thread/ERROR]: ------------------------------
[12:41:12] [Paper Watchdog Thread/ERROR]: --- DO NOT REPORT THIS TO PAPER - THIS IS NOT A BUG OR A CRASH  - git-Paper-574 (MC: 1.16.5) ---
[12:41:12] [Paper Watchdog Thread/ERROR]: The server has not responded for 20 seconds! Creating thread dump
[12:41:12] [Paper Watchdog Thread/ERROR]: ------------------------------
[12:41:12] [Paper Watchdog Thread/ERROR]: Server thread dump (Look for plugins here before reporting to Paper!):
[12:41:12] [Paper Watchdog Thread/ERROR]: ------------------------------
[12:41:12] [Paper Watchdog Thread/ERROR]: Current Thread: Server thread
[12:41:12] [Paper Watchdog Thread/ERROR]: 	PID: 17 | Suspended: false | Native: false | State: RUNNABLE
[12:41:12] [Paper Watchdog Thread/ERROR]: 	Stack:
[12:41:12] [Paper Watchdog Thread/ERROR]: 		app//net.minecraft.server.v1_16_R3.World.getType(World.java:736)
[12:41:12] [Paper Watchdog Thread/ERROR]: 		app//net.minecraft.server.v1_16_R3.EntityLiving.ds(EntityLiving.java:1746)
[12:41:12] [Paper Watchdog Thread/ERROR]: 		app//net.minecraft.server.v1_16_R3.EntityLiving.isClimbing(EntityLiving.java:1730)
[12:41:12] [Paper Watchdog Thread/ERROR]: 		app//net.minecraft.server.v1_16_R3.EntityLiving.isCollidable(EntityLiving.java:3122)
[12:41:12] [Paper Watchdog Thread/ERROR]: 		app//net.minecraft.server.v1_16_R3.IEntitySelector.lambda$pushable$8(IEntitySelector.java:64)
[12:41:12] [Paper Watchdog Thread/ERROR]: 		app//net.minecraft.server.v1_16_R3.IEntitySelector$$Lambda$5500/0x0000000801bc0b58.test(Unknown Source)
[12:41:12] [Paper Watchdog Thread/ERROR]: 		java.base@15-ea/java.util.function.Predicate.lambda$and$0(Predicate.java:69)
[12:41:12] [Paper Watchdog Thread/ERROR]: 		java.base@15-ea/java.util.function.Predicate$$Lambda$1644/0x0000000800dd4a48.test(Unknown Source)
[12:41:12] [Paper Watchdog Thread/ERROR]: 		app//net.minecraft.server.v1_16_R3.Chunk.a(Chunk.java:950)
[12:41:12] [Paper Watchdog Thread/ERROR]: 		app//net.minecraft.server.v1_16_R3.World.getEntities(World.java:1156)
[12:41:12] [Paper Watchdog Thread/ERROR]: 		app//net.minecraft.server.v1_16_R3.EntityLiving.collideNearby(EntityLiving.java:2976)
[12:41:12] [Paper Watchdog Thread/ERROR]: 		app//net.minecraft.server.v1_16_R3.EntityLiving.movementTick(EntityLiving.java:2914)
[12:41:12] [Paper Watchdog Thread/ERROR]: 		app//net.minecraft.server.v1_16_R3.EntityInsentient.movementTick(EntityInsentient.java:615)
[12:41:12] [Paper Watchdog Thread/ERROR]: 		app//net.minecraft.server.v1_16_R3.EntityMonster.movementTick(EntityMonster.java:45)
[12:41:12] [Paper Watchdog Thread/ERROR]: 		app//net.minecraft.server.v1_16_R3.EntityZombie.movementTick(EntityZombie.java:267)
[12:41:12] [Paper Watchdog Thread/ERROR]: 		app//net.minecraft.server.v1_16_R3.EntityLiving.tick(EntityLiving.java:2591)
[12:41:12] [Paper Watchdog Thread/ERROR]: 		app//net.minecraft.server.v1_16_R3.EntityInsentient.tick(EntityInsentient.java:378)
[12:41:12] [Paper Watchdog Thread/ERROR]: 		app//net.minecraft.server.v1_16_R3.EntityZombie.tick(EntityZombie.java:237)
[12:41:12] [Paper Watchdog Thread/ERROR]: 		app//net.minecraft.server.v1_16_R3.WorldServer.entityJoinedWorld(WorldServer.java:959)
[12:41:12] [Paper Watchdog Thread/ERROR]: 		app//net.minecraft.server.v1_16_R3.WorldServer$$Lambda$5337/0x0000000801b657a8.accept(Unknown Source)
[12:41:12] [Paper Watchdog Thread/ERROR]: 		app//net.minecraft.server.v1_16_R3.World.a(World.java:946)
[12:41:12] [Paper Watchdog Thread/ERROR]: 		app//net.minecraft.server.v1_16_R3.WorldServer.doTick(WorldServer.java:644)
[12:41:12] [Paper Watchdog Thread/ERROR]: 		app//net.minecraft.server.v1_16_R3.MinecraftServer.b(MinecraftServer.java:1476)
[12:41:12] [Paper Watchdog Thread/ERROR]: 		app//net.minecraft.server.v1_16_R3.DedicatedServer.b(DedicatedServer.java:418)
[12:41:12] [Paper Watchdog Thread/ERROR]: 		app//net.minecraft.server.v1_16_R3.MinecraftServer.a(MinecraftServer.java:1328)
[12:41:12] [Paper Watchdog Thread/ERROR]: 		app//net.minecraft.server.v1_16_R3.MinecraftServer.w(MinecraftServer.java:1116)
[12:41:12] [Paper Watchdog Thread/ERROR]: 		app//net.minecraft.server.v1_16_R3.MinecraftServer.lambda$a$0(MinecraftServer.java:289)
[12:41:12] [Paper Watchdog Thread/ERROR]: 		app//net.minecraft.server.v1_16_R3.MinecraftServer$$Lambda$3135/0x00000008011f6ca0.run(Unknown Source)
[12:41:12] [Paper Watchdog Thread/ERROR]: 		java.base@15-ea/java.lang.Thread.run(Thread.java:832)
[12:41:12] [Paper Watchdog Thread/ERROR]: ------------------------------
[12:41:12] [Paper Watchdog Thread/ERROR]: --- DO NOT REPORT THIS TO PAPER - THIS IS NOT A BUG OR A CRASH ---
[12:41:12] [Paper Watchdog Thread/ERROR]: ------------------------------
[12:41:17] [Paper Watchdog Thread/ERROR]: --- DO NOT REPORT THIS TO PAPER - THIS IS NOT A BUG OR A CRASH  - git-Paper-574 (MC: 1.16.5) ---
[12:41:17] [Paper Watchdog Thread/ERROR]: The server has not responded for 25 seconds! Creating thread dump
[12:41:17] [Paper Watchdog Thread/ERROR]: ------------------------------
[12:41:17] [Paper Watchdog Thread/ERROR]: Server thread dump (Look for plugins here before reporting to Paper!):
[12:41:17] [Paper Watchdog Thread/ERROR]: ------------------------------
[12:41:17] [Paper Watchdog Thread/ERROR]: Current Thread: Server thread
[12:41:17] [Paper Watchdog Thread/ERROR]: 	PID: 17 | Suspended: false | Native: false | State: RUNNABLE
[12:41:17] [Paper Watchdog Thread/ERROR]: 	Stack:
[12:41:17] [Paper Watchdog Thread/ERROR]: 		app//net.minecraft.server.v1_16_R3.World.getType(World.java:736)
[12:41:17] [Paper Watchdog Thread/ERROR]: 		app//net.minecraft.server.v1_16_R3.EntityLiving.ds(EntityLiving.java:1746)
[12:41:17] [Paper Watchdog Thread/ERROR]: 		app//net.minecraft.server.v1_16_R3.EntityLiving.isClimbing(EntityLiving.java:1730)
[12:41:17] [Paper Watchdog Thread/ERROR]: 		app//net.minecraft.server.v1_16_R3.EntityLiving.isCollidable(EntityLiving.java:3122)
[12:41:17] [Paper Watchdog Thread/ERROR]: 		app//net.minecraft.server.v1_16_R3.EntityLiving.isCollidable(EntityLiving.java:3117)
[12:41:17] [Paper Watchdog Thread/ERROR]: 		app//net.minecraft.server.v1_16_R3.EntityLiving.canCollideWith(EntityLiving.java:3129)
[12:41:17] [Paper Watchdog Thread/ERROR]: 		app//net.minecraft.server.v1_16_R3.IEntitySelector.lambda$pushable$8(IEntitySelector.java:64)
[12:41:17] [Paper Watchdog Thread/ERROR]: 		app//net.minecraft.server.v1_16_R3.IEntitySelector$$Lambda$5500/0x0000000801bc0b58.test(Unknown Source)
[12:41:17] [Paper Watchdog Thread/ERROR]: 		java.base@15-ea/java.util.function.Predicate.lambda$and$0(Predicate.java:69)
[12:41:17] [Paper Watchdog Thread/ERROR]: 		java.base@15-ea/java.util.function.Predicate$$Lambda$1644/0x0000000800dd4a48.test(Unknown Source)
[12:41:17] [Paper Watchdog Thread/ERROR]: 		app//net.minecraft.server.v1_16_R3.Chunk.a(Chunk.java:950)
[12:41:17] [Paper Watchdog Thread/ERROR]: 		app//net.minecraft.server.v1_16_R3.World.getEntities(World.java:1156)
[12:41:17] [Paper Watchdog Thread/ERROR]: 		app//net.minecraft.server.v1_16_R3.EntityLiving.collideNearby(EntityLiving.java:2976)
[12:41:17] [Paper Watchdog Thread/ERROR]: 		app//net.minecraft.server.v1_16_R3.EntityLiving.movementTick(EntityLiving.java:2914)
[12:41:17] [Paper Watchdog Thread/ERROR]: 		app//net.minecraft.server.v1_16_R3.EntityInsentient.movementTick(EntityInsentient.java:615)
[12:41:17] [Paper Watchdog Thread/ERROR]: 		app//net.minecraft.server.v1_16_R3.EntityMonster.movementTick(EntityMonster.java:45)
[12:41:17] [Paper Watchdog Thread/ERROR]: 		app//net.minecraft.server.v1_16_R3.EntityZombie.movementTick(EntityZombie.java:267)
[12:41:17] [Paper Watchdog Thread/ERROR]: 		app//net.minecraft.server.v1_16_R3.EntityLiving.tick(EntityLiving.java:2591)
[12:41:17] [Paper Watchdog Thread/ERROR]: 		app//net.minecraft.server.v1_16_R3.EntityInsentient.tick(EntityInsentient.java:378)
[12:41:17] [Paper Watchdog Thread/ERROR]: 		app//net.minecraft.server.v1_16_R3.EntityZombie.tick(EntityZombie.java:237)
[12:41:17] [Paper Watchdog Thread/ERROR]: 		app//net.minecraft.server.v1_16_R3.WorldServer.entityJoinedWorld(WorldServer.java:959)
[12:41:17] [Paper Watchdog Thread/ERROR]: 		app//net.minecraft.server.v1_16_R3.WorldServer$$Lambda$5337/0x0000000801b657a8.accept(Unknown Source)
[12:41:17] [Paper Watchdog Thread/ERROR]: 		app//net.minecraft.server.v1_16_R3.World.a(World.java:946)
[12:41:17] [Paper Watchdog Thread/ERROR]: 		app//net.minecraft.server.v1_16_R3.WorldServer.doTick(WorldServer.java:644)
[12:41:17] [Paper Watchdog Thread/ERROR]: 		app//net.minecraft.server.v1_16_R3.MinecraftServer.b(MinecraftServer.java:1476)
[12:41:17] [Paper Watchdog Thread/ERROR]: 		app//net.minecraft.server.v1_16_R3.DedicatedServer.b(DedicatedServer.java:418)
[12:41:17] [Paper Watchdog Thread/ERROR]: 		app//net.minecraft.server.v1_16_R3.MinecraftServer.a(MinecraftServer.java:1328)
[12:41:17] [Paper Watchdog Thread/ERROR]: 		app//net.minecraft.server.v1_16_R3.MinecraftServer.w(MinecraftServer.java:1116)
[12:41:17] [Paper Watchdog Thread/ERROR]: 		app//net.minecraft.server.v1_16_R3.MinecraftServer.lambda$a$0(MinecraftServer.java:289)
[12:41:17] [Paper Watchdog Thread/ERROR]: 		app//net.minecraft.server.v1_16_R3.MinecraftServer$$Lambda$3135/0x00000008011f6ca0.run(Unknown Source)
[12:41:17] [Paper Watchdog Thread/ERROR]: 		java.base@15-ea/java.lang.Thread.run(Thread.java:832)
[12:41:17] [Paper Watchdog Thread/ERROR]: ------------------------------
[12:41:17] [Paper Watchdog Thread/ERROR]: --- DO NOT REPORT THIS TO PAPER - THIS IS NOT A BUG OR A CRASH ---
[12:41:17] [Paper Watchdog Thread/ERROR]: ------------------------------
